mode: set
electricity-prices/pkg/date/date-utils.go:12.13,15.16 3 1
electricity-prices/pkg/date/date-utils.go:15.16,17.3 1 0
electricity-prices/pkg/date/date-utils.go:22.88,29.2 5 1
electricity-prices/pkg/date/date-utils.go:31.51,34.16 2 1
electricity-prices/pkg/date/date-utils.go:34.16,36.3 1 1
electricity-prices/pkg/date/date-utils.go:38.2,38.18 1 1
electricity-prices/pkg/date/date-utils.go:41.45,43.2 1 1
electricity-prices/pkg/date/date-utils.go:45.40,47.2 1 1
electricity-prices/pkg/date/date-utils.go:49.54,53.2 3 1
electricity-prices/pkg/date/date-utils.go:55.43,58.2 2 1
electricity-prices/pkg/date/date-utils.go:60.74,63.16 2 1
electricity-prices/pkg/date/date-utils.go:63.16,65.3 1 1
electricity-prices/pkg/date/date-utils.go:68.2,72.16 3 1
electricity-prices/pkg/date/date-utils.go:72.16,74.3 1 1
electricity-prices/pkg/date/date-utils.go:77.2,79.21 2 1
electricity-prices/pkg/date/date-utils.go:82.58,84.24 1 1
electricity-prices/pkg/date/date-utils.go:84.24,86.3 1 0
electricity-prices/pkg/date/date-utils.go:89.2,92.31 2 1
electricity-prices/pkg/i18n/i18n-utils.go:11.46,13.16 2 1
electricity-prices/pkg/i18n/i18n-utils.go:13.16,15.3 1 1
electricity-prices/pkg/i18n/i18n-utils.go:17.2,17.51 1 1
electricity-prices/pkg/i18n/i18n-utils.go:17.51,19.51 1 1
electricity-prices/pkg/i18n/i18n-utils.go:19.51,21.4 1 1
electricity-prices/pkg/i18n/i18n-utils.go:24.2,24.25 1 1
electricity-prices/pkg/i18n/i18n.go:25.40,30.16 3 1
electricity-prices/pkg/i18n/i18n.go:30.16,32.3 1 1
electricity-prices/pkg/i18n/i18n.go:35.2,35.68 1 1
electricity-prices/pkg/i18n/i18n.go:35.68,37.3 1 0
electricity-prices/pkg/i18n/i18n.go:39.2,39.39 1 1
electricity-prices/pkg/i18n/i18n.go:39.39,41.17 2 1
electricity-prices/pkg/i18n/i18n.go:41.17,43.4 1 0
electricity-prices/pkg/i18n/i18n.go:46.2,46.12 1 1
electricity-prices/pkg/i18n/i18n.go:49.49,52.29 2 1
electricity-prices/pkg/i18n/i18n.go:52.29,54.17 2 1
electricity-prices/pkg/i18n/i18n.go:54.17,56.4 1 1
electricity-prices/pkg/i18n/i18n.go:59.2,59.12 1 1
electricity-prices/pkg/alexa/alexa-handlers.go:27.47,37.16 5 0
electricity-prices/pkg/alexa/alexa-handlers.go:37.16,40.3 2 0
electricity-prices/pkg/alexa/alexa-handlers.go:42.2,43.41 2 0
electricity-prices/pkg/alexa/alexa-handlers.go:56.55,59.16 2 0
electricity-prices/pkg/alexa/alexa-handlers.go:59.16,62.3 2 0
electricity-prices/pkg/alexa/alexa-handlers.go:63.2,70.74 4 0
electricity-prices/pkg/alexa/alexa-handlers.go:70.74,73.3 2 0
electricity-prices/pkg/alexa/alexa-handlers.go:76.2,84.41 5 0
electricity-prices/pkg/alexa/alexa-service.go:18.54,21.2 2 1
electricity-prices/pkg/alexa/alexa-service.go:23.100,27.16 2 1
electricity-prices/pkg/alexa/alexa-service.go:27.16,29.3 1 1
electricity-prices/pkg/alexa/alexa-service.go:30.2,30.32 1 1
electricity-prices/pkg/alexa/alexa-service.go:30.32,32.3 1 1
electricity-prices/pkg/alexa/alexa-service.go:33.2,49.48 7 1
electricity-prices/pkg/alexa/alexa-service.go:49.48,51.3 1 1
electricity-prices/pkg/alexa/alexa-service.go:53.2,53.41 1 1
electricity-prices/pkg/alexa/alexa-service.go:56.136,61.21 4 1
electricity-prices/pkg/alexa/alexa-service.go:62.29,64.34 2 1
electricity-prices/pkg/alexa/alexa-service.go:65.27,66.32 1 1
electricity-prices/pkg/alexa/alexa-service.go:67.27,69.32 2 1
electricity-prices/pkg/alexa/alexa-service.go:70.60,71.35 1 1
electricity-prices/pkg/alexa/alexa-service.go:72.14,74.17 2 1
electricity-prices/pkg/alexa/alexa-service.go:74.17,76.4 1 1
electricity-prices/pkg/alexa/alexa-service.go:77.3,77.17 1 1
electricity-prices/pkg/alexa/alexa-service.go:77.17,79.4 1 1
electricity-prices/pkg/alexa/alexa-service.go:80.32,83.32 3 1
electricity-prices/pkg/alexa/alexa-service.go:83.32,85.4 1 1
electricity-prices/pkg/alexa/alexa-service.go:85.9,87.4 1 1
electricity-prices/pkg/alexa/alexa-service.go:88.18,92.32 4 1
electricity-prices/pkg/alexa/alexa-service.go:92.32,94.4 1 1
electricity-prices/pkg/alexa/alexa-service.go:94.9,96.4 1 1
electricity-prices/pkg/alexa/alexa-service.go:97.20,99.17 2 1
electricity-prices/pkg/alexa/alexa-service.go:99.17,101.4 1 1
electricity-prices/pkg/alexa/alexa-service.go:101.9,103.4 1 1
electricity-prices/pkg/alexa/alexa-service.go:104.24,106.17 2 1
electricity-prices/pkg/alexa/alexa-service.go:106.17,108.4 1 1
electricity-prices/pkg/alexa/alexa-service.go:108.9,110.4 1 1
electricity-prices/pkg/alexa/alexa-service.go:111.23,113.17 2 1
electricity-prices/pkg/alexa/alexa-service.go:113.17,115.4 1 1
electricity-prices/pkg/alexa/alexa-service.go:115.9,117.4 1 1
electricity-prices/pkg/alexa/alexa-service.go:119.28,121.17 2 1
electricity-prices/pkg/alexa/alexa-service.go:121.17,123.4 1 1
electricity-prices/pkg/alexa/alexa-service.go:123.9,125.4 1 1
electricity-prices/pkg/alexa/alexa-service.go:126.10,127.35 1 0
electricity-prices/pkg/alexa/alexa-service.go:130.2,130.45 1 1
electricity-prices/pkg/alexa/alexa-service.go:133.61,138.2 3 1
electricity-prices/pkg/alexa/alexa-service.go:139.67,144.2 3 1
electricity-prices/pkg/alexa/alexa-service.go:146.70,151.2 3 1
electricity-prices/pkg/alexa/alexa-service.go:153.114,156.28 2 1
electricity-prices/pkg/alexa/alexa-service.go:156.28,158.3 1 1
electricity-prices/pkg/alexa/alexa-service.go:160.2,163.20 3 1
electricity-prices/pkg/alexa/alexa-service.go:166.117,169.28 2 1
electricity-prices/pkg/alexa/alexa-service.go:169.28,171.3 1 1
electricity-prices/pkg/alexa/alexa-service.go:173.2,176.23 3 1
electricity-prices/pkg/alexa/alexa-service.go:179.96,182.28 2 1
electricity-prices/pkg/alexa/alexa-service.go:182.28,183.36 1 1
electricity-prices/pkg/alexa/alexa-service.go:183.36,185.4 1 1
electricity-prices/pkg/alexa/alexa-service.go:187.2,187.48 1 1
electricity-prices/pkg/alexa/alexa-service.go:192.109,195.23 2 1
electricity-prices/pkg/alexa/alexa-service.go:195.23,197.3 1 1
electricity-prices/pkg/alexa/alexa-service.go:199.2,201.17 2 1
electricity-prices/pkg/alexa/alexa-service.go:201.17,203.3 1 1
electricity-prices/pkg/alexa/alexa-service.go:205.2,209.13 4 1
electricity-prices/pkg/alexa/alexa-service.go:209.13,211.3 1 1
electricity-prices/pkg/alexa/alexa-service.go:211.8,213.3 1 1
electricity-prices/pkg/alexa/alexa-service.go:219.113,222.23 2 1
electricity-prices/pkg/alexa/alexa-service.go:222.23,224.3 1 1
electricity-prices/pkg/alexa/alexa-service.go:226.2,228.17 2 1
electricity-prices/pkg/alexa/alexa-service.go:228.17,230.3 1 1
electricity-prices/pkg/alexa/alexa-service.go:232.2,236.13 4 1
electricity-prices/pkg/alexa/alexa-service.go:236.13,238.3 1 1
electricity-prices/pkg/alexa/alexa-service.go:238.8,240.3 1 1
electricity-prices/pkg/alexa/alexa-utils.go:8.61,16.2 1 1
electricity-prices/pkg/alexa/alexa-utils.go:18.81,29.2 1 1
electricity-prices/pkg/alexa/alexa-validation-service.go:14.85,19.59 4 0
electricity-prices/pkg/alexa/alexa-validation-service.go:19.59,21.3 1 0
electricity-prices/pkg/alexa/alexa-validation-service.go:22.2,22.53 1 0
electricity-prices/pkg/alexa/alexa-validation-service.go:22.53,24.3 1 0
electricity-prices/pkg/alexa/alexa-validation-service.go:25.2,26.16 2 0
electricity-prices/pkg/alexa/alexa-validation-service.go:26.16,28.3 1 0
electricity-prices/pkg/alexa/alexa-validation-service.go:29.2,29.57 1 0
electricity-prices/pkg/alexa/alexa-validation-service.go:29.57,31.3 1 0
electricity-prices/pkg/alexa/alexa-validation-service.go:32.2,33.16 2 0
electricity-prices/pkg/alexa/alexa-validation-service.go:33.16,35.3 1 0
electricity-prices/pkg/alexa/alexa-validation-service.go:36.2,36.72 1 0
electricity-prices/pkg/alexa/alexa-validation-service.go:39.54,40.85 1 0
electricity-prices/pkg/alexa/alexa-validation-service.go:40.85,42.3 1 0
electricity-prices/pkg/alexa/alexa-validation-service.go:43.2,43.12 1 0
electricity-prices/pkg/alexa/alexa-validation-service.go:46.48,48.16 2 0
electricity-prices/pkg/alexa/alexa-validation-service.go:48.16,50.3 1 0
electricity-prices/pkg/alexa/alexa-validation-service.go:51.2,51.45 1 0
electricity-prices/pkg/alexa/alexa-validation-service.go:51.45,53.3 1 0
electricity-prices/pkg/alexa/alexa-validation-service.go:54.2,54.12 1 0
electricity-prices/pkg/alexa/alexa-validation-service.go:57.65,59.16 2 0
electricity-prices/pkg/alexa/alexa-validation-service.go:59.16,61.3 1 0
electricity-prices/pkg/alexa/alexa-validation-service.go:62.2,64.16 3 0
electricity-prices/pkg/alexa/alexa-validation-service.go:64.16,66.3 1 0
electricity-prices/pkg/alexa/alexa-validation-service.go:67.2,68.18 2 0
electricity-prices/pkg/alexa/alexa-validation-service.go:68.18,70.3 1 0
electricity-prices/pkg/alexa/alexa-validation-service.go:71.2,71.43 1 0
electricity-prices/pkg/alexa/alexa-validation-service.go:74.56,75.71 1 0
electricity-prices/pkg/alexa/alexa-validation-service.go:75.71,77.3 1 0
electricity-prices/pkg/alexa/alexa-validation-service.go:78.2,78.12 1 0
electricity-prices/pkg/alexa/alexa-validation-service.go:81.78,83.2 1 0
electricity-prices/pkg/price/price-collection.go:24.86,28.16 3 0
electricity-prices/pkg/price/price-collection.go:28.16,30.3 1 0
electricity-prices/pkg/price/price-collection.go:32.2,32.15 1 0
electricity-prices/pkg/price/price-collection.go:35.85,37.16 2 0
electricity-prices/pkg/price/price-collection.go:37.16,39.3 1 0
electricity-prices/pkg/price/price-collection.go:41.2,41.53 1 0
electricity-prices/pkg/price/price-collection.go:41.53,43.17 2 0
electricity-prices/pkg/price/price-collection.go:43.17,45.4 1 0
electricity-prices/pkg/price/price-collection.go:48.2,50.20 2 0
electricity-prices/pkg/price/price-collection.go:50.20,53.17 3 0
electricity-prices/pkg/price/price-collection.go:53.17,55.12 2 0
electricity-prices/pkg/price/price-collection.go:57.3,57.33 1 0
electricity-prices/pkg/price/price-collection.go:60.2,60.34 1 0
electricity-prices/pkg/price/price-collection.go:60.34,62.3 1 0
electricity-prices/pkg/price/price-collection.go:64.2,64.20 1 0
electricity-prices/pkg/price/price-collection.go:67.79,69.32 2 0
electricity-prices/pkg/price/price-collection.go:69.32,71.3 1 0
electricity-prices/pkg/price/price-collection.go:73.2,74.16 2 0
electricity-prices/pkg/price/price-collection.go:74.16,76.3 1 0
electricity-prices/pkg/price/price-collection.go:78.2,78.12 1 0
electricity-prices/pkg/price/price-collection.go:81.98,83.16 2 0
electricity-prices/pkg/price/price-collection.go:83.16,85.3 1 0
electricity-prices/pkg/price/price-collection.go:87.2,87.20 1 0
electricity-prices/pkg/price/price-collection.go:90.93,114.16 4 0
electricity-prices/pkg/price/price-collection.go:114.16,116.3 1 0
electricity-prices/pkg/price/price-collection.go:118.2,118.56 1 0
electricity-prices/pkg/price/price-collection.go:118.56,120.17 2 0
electricity-prices/pkg/price/price-collection.go:120.17,122.4 1 0
electricity-prices/pkg/price/price-collection.go:125.2,126.22 2 0
electricity-prices/pkg/price/price-collection.go:126.22,127.47 1 0
electricity-prices/pkg/price/price-collection.go:127.47,129.4 1 0
electricity-prices/pkg/price/price-collection.go:130.3,130.59 1 0
electricity-prices/pkg/price/price-collection.go:130.59,132.4 1 0
electricity-prices/pkg/price/price-collection.go:132.9,134.4 1 0
electricity-prices/pkg/price/price-collection.go:137.2,137.42 1 0
electricity-prices/pkg/price/price-collection.go:140.79,150.16 3 0
electricity-prices/pkg/price/price-collection.go:150.16,152.3 1 0
electricity-prices/pkg/price/price-collection.go:154.2,154.56 1 0
electricity-prices/pkg/price/price-collection.go:154.56,156.17 2 0
electricity-prices/pkg/price/price-collection.go:156.17,158.4 1 0
electricity-prices/pkg/price/price-collection.go:161.2,162.22 2 0
electricity-prices/pkg/price/price-collection.go:162.22,163.47 1 0
electricity-prices/pkg/price/price-collection.go:163.47,165.4 1 0
electricity-prices/pkg/price/price-collection.go:166.3,166.28 1 0
electricity-prices/pkg/price/price-collection.go:169.2,169.27 1 0
electricity-prices/pkg/price/price-handlers.go:26.45,33.16 3 0
electricity-prices/pkg/price/price-handlers.go:33.16,36.3 2 0
electricity-prices/pkg/price/price-handlers.go:39.2,43.16 3 0
electricity-prices/pkg/price/price-handlers.go:43.16,46.3 2 0
electricity-prices/pkg/price/price-handlers.go:48.2,48.39 1 0
electricity-prices/pkg/price/price-handlers.go:61.56,68.16 3 0
electricity-prices/pkg/price/price-handlers.go:68.16,71.3 2 0
electricity-prices/pkg/price/price-handlers.go:74.2,77.16 3 0
electricity-prices/pkg/price/price-handlers.go:77.16,80.3 2 0
electricity-prices/pkg/price/price-handlers.go:82.2,82.41 1 0
electricity-prices/pkg/price/price-handlers.go:95.48,102.16 3 0
electricity-prices/pkg/price/price-handlers.go:102.16,105.3 2 0
electricity-prices/pkg/price/price-handlers.go:108.2,111.16 3 0
electricity-prices/pkg/price/price-handlers.go:111.16,114.3 2 0
electricity-prices/pkg/price/price-handlers.go:115.2,115.32 1 0
electricity-prices/pkg/price/price-handlers.go:115.32,118.3 2 0
electricity-prices/pkg/price/price-handlers.go:120.2,120.42 1 0
electricity-prices/pkg/price/price-service.go:33.78,43.2 3 1
electricity-prices/pkg/price/price-service.go:45.100,56.2 2 1
electricity-prices/pkg/price/price-service.go:58.74,61.16 2 0
electricity-prices/pkg/price/price-service.go:61.16,63.3 1 0
electricity-prices/pkg/price/price-service.go:67.2,68.16 2 0
electricity-prices/pkg/price/price-service.go:68.16,70.3 1 0
electricity-prices/pkg/price/price-service.go:71.2,74.80 2 0
electricity-prices/pkg/price/price-service.go:74.80,77.17 2 0
electricity-prices/pkg/price/price-service.go:77.17,79.4 1 0
electricity-prices/pkg/price/price-service.go:81.3,82.17 2 0
electricity-prices/pkg/price/price-service.go:82.17,86.4 2 0
electricity-prices/pkg/price/price-service.go:89.3,90.13 2 0
electricity-prices/pkg/price/price-service.go:93.2,93.19 1 0
electricity-prices/pkg/price/price-service.go:93.19,95.3 1 0
electricity-prices/pkg/price/price-service.go:97.2,97.12 1 0
electricity-prices/pkg/price/price-service.go:100.86,105.16 3 1
electricity-prices/pkg/price/price-service.go:105.16,107.3 1 1
electricity-prices/pkg/price/price-service.go:109.2,109.20 1 1
electricity-prices/pkg/price/price-service.go:112.113,122.16 5 1
electricity-prices/pkg/price/price-service.go:122.16,124.3 1 1
electricity-prices/pkg/price/price-service.go:126.2,128.22 2 1
electricity-prices/pkg/price/price-service.go:132.91,135.16 2 1
electricity-prices/pkg/price/price-service.go:135.16,137.3 1 1
electricity-prices/pkg/price/price-service.go:140.2,141.16 2 1
electricity-prices/pkg/price/price-service.go:141.16,143.3 1 0
electricity-prices/pkg/price/price-service.go:146.2,162.8 5 1
electricity-prices/pkg/price/price-service.go:165.86,168.16 2 1
electricity-prices/pkg/price/price-service.go:168.16,170.3 1 1
electricity-prices/pkg/price/price-service.go:171.2,171.22 1 1
electricity-prices/pkg/price/price-service.go:171.22,173.3 1 0
electricity-prices/pkg/price/price-service.go:176.2,177.16 2 1
electricity-prices/pkg/price/price-service.go:177.16,179.3 1 0
electricity-prices/pkg/price/price-service.go:182.2,185.23 3 1
electricity-prices/pkg/price/price-service.go:188.85,191.16 2 1
electricity-prices/pkg/price/price-service.go:191.16,193.3 1 1
electricity-prices/pkg/price/price-service.go:194.2,194.22 1 1
electricity-prices/pkg/price/price-service.go:194.22,196.3 1 0
electricity-prices/pkg/price/price-service.go:199.2,201.20 2 1
electricity-prices/pkg/price/price-service.go:204.89,207.16 2 1
electricity-prices/pkg/price/price-service.go:207.16,209.3 1 1
electricity-prices/pkg/price/price-service.go:210.2,210.22 1 1
electricity-prices/pkg/price/price-service.go:210.22,212.3 1 0
electricity-prices/pkg/price/price-service.go:215.2,216.16 2 1
electricity-prices/pkg/price/price-service.go:216.16,218.3 1 0
electricity-prices/pkg/price/price-service.go:221.2,223.26 2 1
electricity-prices/pkg/price/price-service.go:226.93,229.16 2 1
electricity-prices/pkg/price/price-service.go:229.16,231.3 1 1
electricity-prices/pkg/price/price-service.go:232.2,232.22 1 1
electricity-prices/pkg/price/price-service.go:232.22,234.3 1 0
electricity-prices/pkg/price/price-service.go:237.2,238.16 2 1
electricity-prices/pkg/price/price-service.go:238.16,240.3 1 0
electricity-prices/pkg/price/price-service.go:243.2,245.30 2 1
electricity-prices/pkg/price/price-service.go:248.91,250.2 1 1
electricity-prices/pkg/price/price-service.go:255.77,257.2 1 1
electricity-prices/pkg/price/price-utils.go:13.60,18.31 3 1
electricity-prices/pkg/price/price-utils.go:18.31,21.3 2 1
electricity-prices/pkg/price/price-utils.go:24.2,24.36 1 1
electricity-prices/pkg/price/price-utils.go:24.36,27.3 2 1
electricity-prices/pkg/price/price-utils.go:30.2,32.17 2 1
electricity-prices/pkg/price/price-utils.go:35.47,36.22 1 1
electricity-prices/pkg/price/price-utils.go:36.22,38.3 1 1
electricity-prices/pkg/price/price-utils.go:39.2,40.31 2 1
electricity-prices/pkg/price/price-utils.go:40.31,42.3 1 1
electricity-prices/pkg/price/price-utils.go:43.2,43.37 1 1
electricity-prices/pkg/price/price-utils.go:48.73,52.32 2 1
electricity-prices/pkg/price/price-utils.go:52.32,54.3 1 1
electricity-prices/pkg/price/price-utils.go:54.8,54.38 1 1
electricity-prices/pkg/price/price-utils.go:54.38,56.3 1 1
electricity-prices/pkg/price/price-utils.go:57.2,57.15 1 1
electricity-prices/pkg/price/price-utils.go:62.76,63.22 1 1
electricity-prices/pkg/price/price-utils.go:63.22,65.3 1 1
electricity-prices/pkg/price/price-utils.go:66.2,71.31 4 1
electricity-prices/pkg/price/price-utils.go:71.31,72.35 1 1
electricity-prices/pkg/price/price-utils.go:72.35,74.4 1 1
electricity-prices/pkg/price/price-utils.go:78.2,78.34 1 1
electricity-prices/pkg/price/price-utils.go:83.80,84.22 1 1
electricity-prices/pkg/price/price-utils.go:84.22,86.3 1 1
electricity-prices/pkg/price/price-utils.go:87.2,91.41 3 1
electricity-prices/pkg/price/price-utils.go:91.41,93.3 1 1
electricity-prices/pkg/price/price-utils.go:96.2,97.31 2 1
electricity-prices/pkg/price/price-utils.go:97.31,98.35 1 1
electricity-prices/pkg/price/price-utils.go:98.35,100.4 1 1
electricity-prices/pkg/price/price-utils.go:104.2,104.38 1 1
electricity-prices/pkg/price/price-utils.go:107.49,109.37 1 1
electricity-prices/pkg/price/price-utils.go:109.37,110.42 1 1
electricity-prices/pkg/price/price-utils.go:110.42,111.43 1 1
electricity-prices/pkg/price/price-utils.go:111.43,115.5 3 1
electricity-prices/pkg/price/price-utils.go:123.77,124.42 1 1
electricity-prices/pkg/price/price-utils.go:124.42,126.3 1 1
electricity-prices/pkg/price/price-utils.go:127.2,127.38 1 1
electricity-prices/pkg/price/price-utils.go:132.42,133.22 1 1
electricity-prices/pkg/price/price-utils.go:133.22,135.3 1 1
electricity-prices/pkg/price/price-utils.go:136.2,137.31 2 1
electricity-prices/pkg/price/price-utils.go:137.31,138.25 1 1
electricity-prices/pkg/price/price-utils.go:138.25,140.4 1 1
electricity-prices/pkg/price/price-utils.go:142.2,142.13 1 1
electricity-prices/pkg/price/price-utils.go:147.42,148.22 1 1
electricity-prices/pkg/price/price-utils.go:148.22,150.3 1 1
electricity-prices/pkg/price/price-utils.go:151.2,152.31 2 1
electricity-prices/pkg/price/price-utils.go:152.31,153.25 1 1
electricity-prices/pkg/price/price-utils.go:153.25,155.4 1 1
electricity-prices/pkg/price/price-utils.go:157.2,157.13 1 1
electricity-prices/pkg/price/price-utils.go:162.60,163.22 1 1
electricity-prices/pkg/price/price-utils.go:163.22,165.3 1 1
electricity-prices/pkg/price/price-utils.go:166.2,168.31 3 1
electricity-prices/pkg/price/price-utils.go:168.31,169.25 1 1
electricity-prices/pkg/price/price-utils.go:169.25,171.4 1 1
electricity-prices/pkg/price/price-utils.go:172.3,172.25 1 1
electricity-prices/pkg/price/price-utils.go:172.25,174.4 1 1
electricity-prices/pkg/price/price-utils.go:176.2,176.19 1 1
electricity-prices/pkg/price/price-utils.go:181.55,183.2 1 1
electricity-prices/pkg/price/price-utils.go:187.55,189.2 1 1
electricity-prices/pkg/price/price-utils.go:194.75,201.28 7 1
electricity-prices/pkg/price/price-utils.go:201.28,203.3 1 1
electricity-prices/pkg/price/price-utils.go:203.8,203.35 1 1
electricity-prices/pkg/price/price-utils.go:203.35,205.3 1 1
electricity-prices/pkg/price/price-utils.go:206.2,206.17 1 1
electricity-prices/pkg/price/price-utils.go:212.79,219.28 7 1
electricity-prices/pkg/price/price-utils.go:219.28,221.3 1 1
electricity-prices/pkg/price/price-utils.go:221.8,221.35 1 1
electricity-prices/pkg/price/price-utils.go:221.35,223.3 1 1
electricity-prices/pkg/price/price-utils.go:224.2,224.17 1 1
electricity-prices/pkg/price/price-utils.go:229.49,231.40 1 1
electricity-prices/pkg/price/price-utils.go:231.40,232.45 1 1
electricity-prices/pkg/price/price-utils.go:232.45,233.62 1 1
electricity-prices/pkg/price/price-utils.go:233.62,237.5 3 1
electricity-prices/pkg/price/price-utils.go:241.2,243.27 3 1
electricity-prices/pkg/price/price-utils.go:243.27,246.114 3 1
electricity-prices/pkg/price/price-utils.go:246.114,249.4 2 1
electricity-prices/pkg/price/price-utils.go:250.3,251.8 2 1
electricity-prices/pkg/price/price-utils.go:253.2,253.15 1 1
electricity-prices/pkg/price/price-utils.go:259.70,262.32 1 1
electricity-prices/pkg/price/price-utils.go:262.32,263.23 1 1
electricity-prices/pkg/price/price-utils.go:263.23,264.12 1 0
electricity-prices/pkg/price/price-utils.go:266.3,266.37 1 1
electricity-prices/pkg/price/price-utils.go:266.37,268.4 1 1
electricity-prices/pkg/price/price-utils.go:268.9,268.78 1 1
electricity-prices/pkg/price/price-utils.go:268.78,270.4 1 1
electricity-prices/pkg/price/price-utils.go:273.2,273.19 1 1
electricity-prices/pkg/price/price-utils.go:278.40,280.32 2 1
electricity-prices/pkg/price/price-utils.go:280.32,282.3 1 1
electricity-prices/pkg/price/price-utils.go:283.2,283.10 1 1
electricity-prices/pkg/esios/esios-client.go:23.70,29.16 3 1
electricity-prices/pkg/esios/esios-client.go:29.16,31.3 1 1
electricity-prices/pkg/esios/esios-client.go:32.2,32.33 1 1
electricity-prices/pkg/esios/esios-client.go:32.33,34.17 2 1
electricity-prices/pkg/esios/esios-client.go:34.17,36.4 1 0
electricity-prices/pkg/esios/esios-client.go:40.2,41.16 2 1
electricity-prices/pkg/esios/esios-client.go:41.16,43.3 1 0
electricity-prices/pkg/esios/esios-client.go:46.2,46.53 1 1
electricity-prices/pkg/esios/esios-client.go:46.53,52.17 3 1
electricity-prices/pkg/esios/esios-client.go:52.17,54.4 1 0
electricity-prices/pkg/esios/esios-client.go:55.3,55.46 1 1
electricity-prices/pkg/esios/esios-client.go:55.46,57.4 1 1
electricity-prices/pkg/esios/esios-client.go:59.3,59.24 1 1
electricity-prices/pkg/esios/esios-client.go:59.24,63.27 2 1
electricity-prices/pkg/esios/esios-client.go:63.27,65.5 1 1
electricity-prices/pkg/esios/esios-client.go:66.4,66.58 1 1
electricity-prices/pkg/esios/esios-client.go:69.3,71.30 2 1
electricity-prices/pkg/esios/esios-client.go:71.30,73.18 2 1
electricity-prices/pkg/esios/esios-client.go:73.18,75.5 1 0
electricity-prices/pkg/esios/esios-client.go:76.4,77.18 2 1
electricity-prices/pkg/esios/esios-client.go:77.18,79.5 1 0
electricity-prices/pkg/esios/esios-client.go:80.4,83.5 1 1
electricity-prices/pkg/esios/esios-client.go:86.3,86.28 1 1
electricity-prices/pkg/esios/esios-client.go:89.2,89.106 1 1
electricity-prices/pkg/esios/esios-client.go:92.54,98.2 2 1
electricity-prices/pkg/sync/syncer.go:21.73,26.14 3 1
electricity-prices/pkg/sync/syncer.go:26.14,28.3 1 0
electricity-prices/pkg/sync/syncer.go:29.2,29.16 1 1
electricity-prices/pkg/sync/syncer.go:29.16,31.3 1 1
electricity-prices/pkg/sync/syncer.go:33.2,37.6 3 1
electricity-prices/pkg/sync/syncer.go:37.6,39.61 1 1
electricity-prices/pkg/sync/syncer.go:39.61,40.9 1 1
electricity-prices/pkg/sync/syncer.go:44.3,47.47 2 1
electricity-prices/pkg/sync/syncer.go:47.47,50.4 2 1
electricity-prices/pkg/sync/syncer.go:53.3,53.17 1 1
electricity-prices/pkg/sync/syncer.go:53.17,55.4 1 1
electricity-prices/pkg/sync/syncer.go:57.3,57.13 1 1
electricity-prices/pkg/sync/syncer.go:57.13,58.9 1 1
electricity-prices/pkg/sync/syncer.go:61.3,61.23 1 1
electricity-prices/pkg/sync/syncer.go:61.23,64.4 2 0
electricity-prices/pkg/sync/syncer.go:66.3,70.17 3 1
electricity-prices/pkg/sync/syncer.go:70.17,72.4 1 0
electricity-prices/pkg/sync/syncer.go:73.3,73.45 1 1
electricity-prices/pkg/sync/syncer.go:76.2,77.18 2 1
electricity-prices/pkg/ree/ree-client.go:20.70,26.16 3 1
electricity-prices/pkg/ree/ree-client.go:26.16,28.3 1 1
electricity-prices/pkg/ree/ree-client.go:29.2,29.33 1 1
electricity-prices/pkg/ree/ree-client.go:29.33,31.17 2 1
electricity-prices/pkg/ree/ree-client.go:31.17,33.4 1 0
electricity-prices/pkg/ree/ree-client.go:37.2,38.16 2 1
electricity-prices/pkg/ree/ree-client.go:38.16,40.3 1 0
electricity-prices/pkg/ree/ree-client.go:43.2,43.53 1 1
electricity-prices/pkg/ree/ree-client.go:43.53,50.17 3 1
electricity-prices/pkg/ree/ree-client.go:50.17,52.4 1 0
electricity-prices/pkg/ree/ree-client.go:54.3,55.36 2 1
electricity-prices/pkg/ree/ree-client.go:55.36,56.24 1 1
electricity-prices/pkg/ree/ree-client.go:56.24,58.13 2 1
electricity-prices/pkg/ree/ree-client.go:62.3,62.43 1 1
electricity-prices/pkg/ree/ree-client.go:62.43,64.4 1 1
electricity-prices/pkg/ree/ree-client.go:66.3,68.48 2 1
electricity-prices/pkg/ree/ree-client.go:68.48,73.4 1 1
electricity-prices/pkg/ree/ree-client.go:75.3,75.28 1 1
electricity-prices/pkg/ree/ree-client.go:77.8,77.35 1 1
electricity-prices/pkg/ree/ree-client.go:77.35,79.26 1 0
electricity-prices/pkg/ree/ree-client.go:79.26,81.4 1 0
electricity-prices/pkg/ree/ree-client.go:82.8,82.35 1 1
electricity-prices/pkg/ree/ree-client.go:82.35,88.17 3 1
electricity-prices/pkg/ree/ree-client.go:88.17,90.4 1 0
electricity-prices/pkg/ree/ree-client.go:92.3,92.99 1 1
electricity-prices/pkg/ree/ree-client.go:92.99,94.27 1 1
electricity-prices/pkg/ree/ree-client.go:94.27,96.5 1 1
electricity-prices/pkg/ree/ree-client.go:100.2,100.106 1 1
